<?xml version="1.0" encoding="UTF-8"?>
<coverage generated="1635264631133" clover="3.2.0">
  <project timestamp="1635264631133" name="All files">
    <metrics statements="7" coveredstatements="6" conditionals="0" coveredconditionals="0" methods="4" coveredmethods="3" elements="11" coveredelements="9" complexity="0" loc="7" ncloc="7" packages="1" files="3" classes="3"/>
    <file name="clonearray.js" path="F:\WebDevelopmentTechnology - APIs,DBMSs,PLs,FrameWorks,Libraries\PersonalProjects\Learning From Youtube Channel's\Web Dev Simplified\Introduction To Testing In JavaScript With Jest\clonearray.js">
      <metrics statements="2" coveredstatements="2" conditionals="0" coveredconditionals="0" methods="1" coveredmethods="1"/>
      <line num="2" count="2" type="stmt"/>
      <line num="4" count="1" type="stmt"/>
    </file>
    <file name="subtract.js" path="F:\WebDevelopmentTechnology - APIs,DBMSs,PLs,FrameWorks,Libraries\PersonalProjects\Learning From Youtube Channel's\Web Dev Simplified\Introduction To Testing In JavaScript With Jest\subtract.js">
      <metrics statements="2" coveredstatements="2" conditionals="0" coveredconditionals="0" methods="1" coveredmethods="1"/>
      <line num="2" count="1" type="stmt"/>
      <line num="4" count="1" type="stmt"/>
    </file>
    <file name="sum.js" path="F:\WebDevelopmentTechnology - APIs,DBMSs,PLs,FrameWorks,Libraries\PersonalProjects\Learning From Youtube Channel's\Web Dev Simplified\Introduction To Testing In JavaScript With Jest\sum.js">
      <metrics statements="3" coveredstatements="2" conditionals="0" coveredconditionals="0" methods="2" coveredmethods="1"/>
      <line num="2" count="1" type="stmt"/>
      <line num="5" count="0" type="stmt"/>
      <line num="7" count="1" type="stmt"/>
    </file>
  </project>
</coverage>
