{"F:\\WebDevelopmentTechnology - APIs,DBMSs,PLs,FrameWorks,Libraries\\PersonalProjects\\Learning From Youtube Channel's\\Web Dev Simplified\\Introduction To Testing In JavaScript With Jest\\clonearray.js": {"path":"F:\\WebDevelopmentTechnology - APIs,DBMSs,PLs,FrameWorks,Libraries\\PersonalProjects\\Learning From Youtube Channel's\\Web Dev Simplified\\Introduction To Testing In JavaScript With Jest\\clonearray.js","statementMap":{"0":{"start":{"line":2,"column":5},"end":{"line":2,"column":23}},"1":{"start":{"line":4,"column":0},"end":{"line":4,"column":28}}},"fnMap":{"0":{"name":"cloneArray","decl":{"start":{"line":1,"column":9},"end":{"line":1,"column":19}},"loc":{"start":{"line":1,"column":26},"end":{"line":3,"column":1}},"line":1}},"branchMap":{},"s":{"0":2,"1":1},"f":{"0":2},"b":{},"_coverageSchema":"1a1c01bbd47fc00a2c39e90264f33305004495a9","hash":"e90914cdb15d71f7b87be2942b0ceae54afcd0fa"}
,"F:\\WebDevelopmentTechnology - APIs,DBMSs,PLs,FrameWorks,Libraries\\PersonalProjects\\Learning From Youtube Channel's\\Web Dev Simplified\\Introduction To Testing In JavaScript With Jest\\subtract.js": {"path":"F:\\WebDevelopmentTechnology - APIs,DBMSs,PLs,FrameWorks,Libraries\\PersonalProjects\\Learning From Youtube Channel's\\Web Dev Simplified\\Introduction To Testing In JavaScript With Jest\\subtract.js","statementMap":{"0":{"start":{"line":2,"column":5},"end":{"line":2,"column":18}},"1":{"start":{"line":4,"column":0},"end":{"line":4,"column":26}}},"fnMap":{"0":{"name":"subtract","decl":{"start":{"line":1,"column":9},"end":{"line":1,"column":17}},"loc":{"start":{"line":1,"column":22},"end":{"line":3,"column":1}},"line":1}},"branchMap":{},"s":{"0":1,"1":1},"f":{"0":1},"b":{},"_coverageSchema":"1a1c01bbd47fc00a2c39e90264f33305004495a9","hash":"e76c73eae1ab3dc448da0cc03ffd7c572b4a3597"}
,"F:\\WebDevelopmentTechnology - APIs,DBMSs,PLs,FrameWorks,Libraries\\PersonalProjects\\Learning From Youtube Channel's\\Web Dev Simplified\\Introduction To Testing In JavaScript With Jest\\sum.js": {"path":"F:\\WebDevelopmentTechnology - APIs,DBMSs,PLs,FrameWorks,Libraries\\PersonalProjects\\Learning From Youtube Channel's\\Web Dev Simplified\\Introduction To Testing In JavaScript With Jest\\sum.js","statementMap":{"0":{"start":{"line":2,"column":5},"end":{"line":2,"column":18}},"1":{"start":{"line":5,"column":5},"end":{"line":5,"column":27}},"2":{"start":{"line":7,"column":0},"end":{"line":7,"column":21}}},"fnMap":{"0":{"name":"sum","decl":{"start":{"line":1,"column":9},"end":{"line":1,"column":12}},"loc":{"start":{"line":1,"column":17},"end":{"line":3,"column":1}},"line":1},"1":{"name":"helper","decl":{"start":{"line":4,"column":9},"end":{"line":4,"column":15}},"loc":{"start":{"line":4,"column":17},"end":{"line":6,"column":1}},"line":4}},"branchMap":{},"s":{"0":1,"1":0,"2":1},"f":{"0":1,"1":0},"b":{},"_coverageSchema":"1a1c01bbd47fc00a2c39e90264f33305004495a9","hash":"c3a0ac048d706df798e9c2c9d61d9f44b8ae2e72"}
}
